Copyright 1986-2015 Xilinx, Inc. All Rights Reserved.
------------------------------------------------------------------------------------
| Tool Version : Vivado v.2015.2 (win64) Build 1266856 Fri Jun 26 16:35:25 MDT 2015
| Date         : Wed Nov 11 16:38:36 2015
| Host         : Joey running 64-bit major release  (build 9200)
| Command      : report_control_sets -verbose -file top_control_sets_placed.rpt
| Design       : top
| Device       : xc7z020
------------------------------------------------------------------------------------

Control Set Information

Table of Contents
-----------------
1. Summary
2. Flip-Flop Distribution
3. Detailed Control Set Information

1. Summary
----------

+-------------------------------------------------------------------+-------+
|                               Status                              | Count |
+-------------------------------------------------------------------+-------+
| Number of unique control sets                                     |    72 |
| Minimum Number of register sites lost to control set restrictions |   138 |
+-------------------------------------------------------------------+-------+


2. Flip-Flop Distribution
-------------------------

+--------------+-----------------------+------------------------+-----------------+--------------+
| Clock Enable | Synchronous Set/Reset | Asynchronous Set/Reset | Total Registers | Total Slices |
+--------------+-----------------------+------------------------+-----------------+--------------+
| No           | No                    | No                     |             260 |           82 |
| No           | No                    | Yes                    |               0 |            0 |
| No           | Yes                   | No                     |             300 |           84 |
| Yes          | No                    | No                     |             454 |          119 |
| Yes          | No                    | Yes                    |               0 |            0 |
| Yes          | Yes                   | No                     |             168 |           49 |
+--------------+-----------------------+------------------------+-----------------+--------------+


3. Detailed Control Set Information
-----------------------------------

+---------------------------------------------------+------------------------------------------------------------------------------------------------------------------------------------------------------------------+-----------------------------------------------------------------------------------------------------------------------------------------------------------+------------------+----------------+
|                    Clock Signal                   |                                                                           Enable Signal                                                                          |                                                                      Set/Reset Signal                                                                     | Slice Load Count | Bel Load Count |
+---------------------------------------------------+------------------------------------------------------------------------------------------------------------------------------------------------------------------+-----------------------------------------------------------------------------------------------------------------------------------------------------------+------------------+----------------+
|  thePS/myPS_i/processing_system7_0/inst/FCLK_CLK0 | thePS/myPS_i/processing_system7_0_axi_periph/s00_couplers/auto_pc/inst/gen_axilite.gen_b2s_conv.axilite_b2s/WR.b_channel_0/bid_fifo_0/bresp_push                 |                                                                                                                                                           |                1 |              2 |
|  thePS/myPS_i/processing_system7_0/inst/FCLK_CLK0 |                                                                                                                                                                  | thePS/myPS_i/axi_gpio_1/U0/AXI_LITE_IPIF_I/I_SLAVE_ATTACHMENT/INCLUDE_DPHASE_TIMER.dpto_cnt[3]_i_1_n_0                                                    |                1 |              4 |
|  thePS/myPS_i/processing_system7_0/inst/FCLK_CLK0 |                                                                                                                                                                  | thePS/myPS_i/axi_gpio_2/U0/AXI_LITE_IPIF_I/I_SLAVE_ATTACHMENT/INCLUDE_DPHASE_TIMER.dpto_cnt[3]_i_1_n_0                                                    |                2 |              4 |
|  thePS/myPS_i/processing_system7_0/inst/FCLK_CLK0 |                                                                                                                                                                  | thePS/myPS_i/axi_gpio_3/U0/AXI_LITE_IPIF_I/I_SLAVE_ATTACHMENT/INCLUDE_DPHASE_TIMER.dpto_cnt[3]_i_1_n_0                                                    |                1 |              4 |
|  thePS/myPS_i/processing_system7_0/inst/FCLK_CLK0 |                                                                                                                                                                  | thePS/myPS_i/axi_gpio_5/U0/AXI_LITE_IPIF_I/I_SLAVE_ATTACHMENT/INCLUDE_DPHASE_TIMER.dpto_cnt[3]_i_1_n_0                                                    |                1 |              4 |
|  thePS/myPS_i/processing_system7_0/inst/FCLK_CLK0 |                                                                                                                                                                  | thePS/myPS_i/axi_gpio_0/U0/AXI_LITE_IPIF_I/I_SLAVE_ATTACHMENT/INCLUDE_DPHASE_TIMER.dpto_cnt[3]_i_1_n_0                                                    |                1 |              4 |
|  thePS/myPS_i/processing_system7_0/inst/FCLK_CLK0 | thePS/myPS_i/processing_system7_0_axi_periph/s00_couplers/auto_pc/inst/gen_axilite.gen_b2s_conv.axilite_b2s/WR.aw_channel_0/aw_cmd_fsm_0/axlen_cnt_reg[4]_0      | thePS/myPS_i/processing_system7_0_axi_periph/s00_couplers/auto_pc/inst/gen_axilite.gen_b2s_conv.axilite_b2s/WR.aw_channel_0/aw_cmd_fsm_0/axlen_cnt_reg[7] |                1 |              4 |
|  thePS/myPS_i/processing_system7_0/inst/FCLK_CLK0 | thePS/myPS_i/processing_system7_0_axi_periph/s00_couplers/auto_pc/inst/gen_axilite.gen_b2s_conv.axilite_b2s/RD.ar_channel_0/ar_cmd_fsm_0/axlen_cnt_reg[4]        | thePS/myPS_i/processing_system7_0_axi_periph/s00_couplers/auto_pc/inst/gen_axilite.gen_b2s_conv.axilite_b2s/RD.ar_channel_0/ar_cmd_fsm_0/axlen_cnt_reg[7] |                2 |              4 |
|  thePS/myPS_i/processing_system7_0/inst/FCLK_CLK0 | thePS/myPS_i/processing_system7_0_axi_periph/s00_couplers/auto_pc/inst/gen_axilite.gen_b2s_conv.axilite_b2s/WR.aw_channel_0/aw_cmd_fsm_0/axlen_cnt_reg[4]_0      |                                                                                                                                                           |                2 |              4 |
|  thePS/myPS_i/processing_system7_0/inst/FCLK_CLK0 | thePS/myPS_i/processing_system7_0_axi_periph/s00_couplers/auto_pc/inst/gen_axilite.gen_b2s_conv.axilite_b2s/WR.aw_channel_0/aw_cmd_fsm_0/axlen_cnt_reg[0]_0[0]   |                                                                                                                                                           |                1 |              4 |
|  thePS/myPS_i/processing_system7_0/inst/FCLK_CLK0 |                                                                                                                                                                  | thePS/myPS_i/axi_gpio_4/U0/AXI_LITE_IPIF_I/I_SLAVE_ATTACHMENT/INCLUDE_DPHASE_TIMER.dpto_cnt[3]_i_1_n_0                                                    |                1 |              4 |
|  tempClk_BUFG                                     |                                                                                                                                                                  |                                                                                                                                                           |                4 |              4 |
|  thePS/myPS_i/processing_system7_0/inst/FCLK_CLK0 | thePS/myPS_i/processing_system7_0_axi_periph/s00_couplers/auto_pc/inst/gen_axilite.gen_b2s_conv.axilite_b2s/RD.ar_channel_0/ar_cmd_fsm_0/axlen_cnt_reg[0][0]     |                                                                                                                                                           |                2 |              4 |
|  thePS/myPS_i/processing_system7_0/inst/FCLK_CLK0 | thePS/myPS_i/processing_system7_0_axi_periph/s00_couplers/auto_pc/inst/gen_axilite.gen_b2s_conv.axilite_b2s/RD.ar_channel_0/ar_cmd_fsm_0/axlen_cnt_reg[4]        |                                                                                                                                                           |                2 |              4 |
|  tempClk_BUFG                                     | theSpeed/clear                                                                                                                                                   |                                                                                                                                                           |                1 |              4 |
|  tempClk_BUFG                                     | theSpeed/clear                                                                                                                                                   | theSpeed/internalDutyCycle[4]_i_1_n_0                                                                                                                     |                2 |              4 |
|  thePS/myPS_i/processing_system7_0/inst/FCLK_CLK0 |                                                                                                                                                                  | thePS/myPS_i/rst_processing_system7_0_100M/U0/EXT_LPF/lpf_int                                                                                             |                2 |              5 |
|  thePS/myPS_i/processing_system7_0/inst/FCLK_CLK0 | thePS/myPS_i/rst_processing_system7_0_100M/U0/SEQ/seq_cnt_en                                                                                                     | thePS/myPS_i/rst_processing_system7_0_100M/U0/SEQ/SEQ_COUNTER/clear                                                                                       |                1 |              6 |
|  thePS/myPS_i/processing_system7_0/inst/FCLK_CLK0 | thePS/myPS_i/axi_gpio_0/U0/AXI_LITE_IPIF_I/I_SLAVE_ATTACHMENT/bus2ip_addr_i[8]_i_1_n_0                                                                           | thePS/myPS_i/axi_gpio_0/U0/I_SLAVE_ATTACHMENT/rst                                                                                                         |                2 |              7 |
|  thePS/myPS_i/processing_system7_0/inst/FCLK_CLK0 |                                                                                                                                                                  | thePS/myPS_i/axi_gpio_4/U0/gpio_core_1/Read_Reg_Rst                                                                                                       |                2 |              8 |
|  thePS/myPS_i/processing_system7_0/inst/FCLK_CLK0 |                                                                                                                                                                  | thePS/myPS_i/processing_system7_0_axi_periph/s00_couplers/auto_pc/inst/gen_axilite.gen_b2s_conv.axilite_b2s/SI_REG/ar_pipe/SR[0]                          |                4 |              8 |
|  thePS/myPS_i/processing_system7_0/inst/FCLK_CLK0 |                                                                                                                                                                  | thePS/myPS_i/axi_gpio_2/U0/gpio_core_1/Read_Reg_Rst                                                                                                       |                2 |              8 |
|  thePS/myPS_i/processing_system7_0/inst/FCLK_CLK0 | thePS/myPS_i/axi_gpio_2/U0/AXI_LITE_IPIF_I/I_SLAVE_ATTACHMENT/s_axi_rdata_i[7]_i_1_n_0                                                                           | thePS/myPS_i/axi_gpio_2/U0/AXI_LITE_IPIF_I/I_SLAVE_ATTACHMENT/SR                                                                                          |                3 |              8 |
|  thePS/myPS_i/processing_system7_0/inst/FCLK_CLK0 | thePS/myPS_i/axi_gpio_1/U0/AXI_LITE_IPIF_I/I_SLAVE_ATTACHMENT/s_axi_rdata_i[7]_i_1_n_0                                                                           | thePS/myPS_i/axi_gpio_1/U0/AXI_LITE_IPIF_I/I_SLAVE_ATTACHMENT/SR                                                                                          |                4 |              8 |
|  thePS/myPS_i/processing_system7_0/inst/FCLK_CLK0 | thePS/myPS_i/axi_gpio_1/U0/AXI_LITE_IPIF_I/I_SLAVE_ATTACHMENT/I_DECODER/Not_Dual.gpio_OE_reg[0][0]                                                               | thePS/myPS_i/axi_gpio_1/U0/AXI_LITE_IPIF_I/I_SLAVE_ATTACHMENT/SR                                                                                          |                2 |              8 |
|  thePS/myPS_i/processing_system7_0/inst/FCLK_CLK0 | thePS/myPS_i/axi_gpio_2/U0/AXI_LITE_IPIF_I/I_SLAVE_ATTACHMENT/I_DECODER/Not_Dual.gpio_OE_reg[0][0]                                                               | thePS/myPS_i/axi_gpio_2/U0/AXI_LITE_IPIF_I/I_SLAVE_ATTACHMENT/SR                                                                                          |                3 |              8 |
|  thePS/myPS_i/processing_system7_0/inst/FCLK_CLK0 | thePS/myPS_i/axi_gpio_5/U0/AXI_LITE_IPIF_I/I_SLAVE_ATTACHMENT/s_axi_rdata_i[7]_i_1_n_0                                                                           | thePS/myPS_i/axi_gpio_5/U0/AXI_LITE_IPIF_I/I_SLAVE_ATTACHMENT/SR                                                                                          |                1 |              8 |
|  thePS/myPS_i/processing_system7_0/inst/FCLK_CLK0 | thePS/myPS_i/axi_gpio_5/U0/AXI_LITE_IPIF_I/I_SLAVE_ATTACHMENT/I_DECODER/Not_Dual.gpio_OE_reg[0][0]                                                               | thePS/myPS_i/axi_gpio_5/U0/AXI_LITE_IPIF_I/I_SLAVE_ATTACHMENT/SR                                                                                          |                1 |              8 |
|  thePS/myPS_i/processing_system7_0/inst/FCLK_CLK0 | thePS/myPS_i/axi_gpio_5/U0/AXI_LITE_IPIF_I/I_SLAVE_ATTACHMENT/I_DECODER/E[0]                                                                                     | thePS/myPS_i/axi_gpio_5/U0/AXI_LITE_IPIF_I/I_SLAVE_ATTACHMENT/SR                                                                                          |                1 |              8 |
|  thePS/myPS_i/processing_system7_0/inst/FCLK_CLK0 | thePS/myPS_i/axi_gpio_4/U0/AXI_LITE_IPIF_I/I_SLAVE_ATTACHMENT/s_axi_rdata_i[7]_i_1_n_0                                                                           | thePS/myPS_i/axi_gpio_4/U0/AXI_LITE_IPIF_I/I_SLAVE_ATTACHMENT/SR                                                                                          |                3 |              8 |
|  thePS/myPS_i/processing_system7_0/inst/FCLK_CLK0 | thePS/myPS_i/axi_gpio_4/U0/AXI_LITE_IPIF_I/I_SLAVE_ATTACHMENT/I_DECODER/Not_Dual.gpio_OE_reg[0][0]                                                               | thePS/myPS_i/axi_gpio_4/U0/AXI_LITE_IPIF_I/I_SLAVE_ATTACHMENT/SR                                                                                          |                1 |              8 |
|  thePS/myPS_i/processing_system7_0/inst/FCLK_CLK0 | thePS/myPS_i/axi_gpio_4/U0/AXI_LITE_IPIF_I/I_SLAVE_ATTACHMENT/I_DECODER/E[0]                                                                                     | thePS/myPS_i/axi_gpio_4/U0/AXI_LITE_IPIF_I/I_SLAVE_ATTACHMENT/SR                                                                                          |                2 |              8 |
|  thePS/myPS_i/processing_system7_0/inst/FCLK_CLK0 |                                                                                                                                                                  | thePS/myPS_i/axi_gpio_1/U0/gpio_core_1/Read_Reg_Rst                                                                                                       |                3 |              8 |
|  thePS/myPS_i/processing_system7_0/inst/FCLK_CLK0 | thePS/myPS_i/processing_system7_0_axi_periph/s00_couplers/auto_pc/inst/gen_axilite.gen_b2s_conv.axilite_b2s/WR.b_channel_0/mhandshake_r                          | thePS/myPS_i/processing_system7_0_axi_periph/s00_couplers/auto_pc/inst/gen_axilite.gen_b2s_conv.axilite_b2s/WR.b_channel_0/bid_fifo_0/SR[0]               |                2 |              8 |
|  tempClk_BUFG                                     | theRemote/speedOut[7]_i_1_n_0                                                                                                                                    |                                                                                                                                                           |                1 |              8 |
|  tempClk_BUFG                                     | theRemote/steeringOut[7]_i_1_n_0                                                                                                                                 |                                                                                                                                                           |                3 |              8 |
|  thePS/myPS_i/processing_system7_0/inst/FCLK_CLK0 |                                                                                                                                                                  | thePS/myPS_i/axi_gpio_5/U0/gpio_core_1/Read_Reg_Rst                                                                                                       |                2 |              8 |
|  tempClk_BUFG                                     | steering_IBUF                                                                                                                                                    | theRemote/steeringOut[7]_i_1_n_0                                                                                                                          |                2 |              8 |
|  tempClk_BUFG                                     | theSteering/internalDutyCycle[7]_i_1__0_n_0                                                                                                                      |                                                                                                                                                           |                3 |              8 |
|  tempClk_BUFG                                     | speed_IBUF                                                                                                                                                       | theRemote/speedOut[7]_i_1_n_0                                                                                                                             |                1 |              8 |
|  tempClk_BUFG                                     |                                                                                                                                                                  | theSpeed/clear                                                                                                                                            |                4 |             10 |
|  tempClk_BUFG                                     |                                                                                                                                                                  | theSteering/internalDutyCycle[7]_i_1__0_n_0                                                                                                               |                3 |             10 |
|  thePS/myPS_i/processing_system7_0/inst/FCLK_CLK0 | thePS/myPS_i/processing_system7_0_axi_periph/s00_couplers/auto_pc/inst/gen_axilite.gen_b2s_conv.axilite_b2s/RD.ar_channel_0/ar_cmd_fsm_0/axaddr_wrap_reg[0][0]   |                                                                                                                                                           |                5 |             12 |
|  thePS/myPS_i/processing_system7_0/inst/FCLK_CLK0 | thePS/myPS_i/processing_system7_0_axi_periph/s00_couplers/auto_pc/inst/gen_axilite.gen_b2s_conv.axilite_b2s/RD.ar_channel_0/ar_cmd_fsm_0/E[0]                    |                                                                                                                                                           |                3 |             12 |
|  thePS/myPS_i/processing_system7_0/inst/FCLK_CLK0 | thePS/myPS_i/processing_system7_0_axi_periph/s00_couplers/auto_pc/inst/gen_axilite.gen_b2s_conv.axilite_b2s/RD.ar_channel_0/ar_cmd_fsm_0/axaddr_incr_reg[0]      |                                                                                                                                                           |                3 |             12 |
|  thePS/myPS_i/processing_system7_0/inst/FCLK_CLK0 | thePS/myPS_i/processing_system7_0_axi_periph/s00_couplers/auto_pc/inst/gen_axilite.gen_b2s_conv.axilite_b2s/WR.aw_channel_0/aw_cmd_fsm_0/axaddr_incr_reg[0]      |                                                                                                                                                           |                3 |             12 |
|  thePS/myPS_i/processing_system7_0/inst/FCLK_CLK0 | thePS/myPS_i/processing_system7_0_axi_periph/s00_couplers/auto_pc/inst/gen_axilite.gen_b2s_conv.axilite_b2s/WR.aw_channel_0/aw_cmd_fsm_0/E[0]                    |                                                                                                                                                           |                5 |             12 |
|  thePS/myPS_i/processing_system7_0/inst/FCLK_CLK0 | thePS/myPS_i/processing_system7_0_axi_periph/xbar/inst/gen_sasd.crossbar_sasd_0/addr_arbiter_inst/E[0]                                                           |                                                                                                                                                           |                6 |             12 |
|  thePS/myPS_i/processing_system7_0/inst/FCLK_CLK0 | thePS/myPS_i/processing_system7_0_axi_periph/xbar/inst/gen_sasd.crossbar_sasd_0/reg_slice_r/aa_rready                                                            |                                                                                                                                                           |                6 |             12 |
|  thePS/myPS_i/processing_system7_0/inst/FCLK_CLK0 | thePS/myPS_i/processing_system7_0_axi_periph/s00_couplers/auto_pc/inst/gen_axilite.gen_b2s_conv.axilite_b2s/WR.aw_channel_0/aw_cmd_fsm_0/axaddr_wrap_reg[0][0]   |                                                                                                                                                           |                5 |             12 |
|  thePS/myPS_i/processing_system7_0/inst/FCLK_CLK0 | thePS/myPS_i/processing_system7_0_axi_periph/s00_couplers/auto_pc/inst/gen_axilite.gen_b2s_conv.axilite_b2s/RD.r_channel_0/r_push_r                              |                                                                                                                                                           |                4 |             13 |
|  thePS/myPS_i/processing_system7_0/inst/FCLK_CLK0 | thePS/myPS_i/processing_system7_0_axi_periph/s00_couplers/auto_pc/inst/gen_axilite.gen_b2s_conv.axilite_b2s/SI_REG/b_pipe/p_1_in                                 |                                                                                                                                                           |                2 |             14 |
|  thePS/myPS_i/processing_system7_0/inst/FCLK_CLK0 | thePS/myPS_i/processing_system7_0_axi_periph/s00_couplers/auto_pc/inst/gen_axilite.gen_b2s_conv.axilite_b2s/SI_REG/b_pipe/skid_buffer_reg[0]_0                   |                                                                                                                                                           |                3 |             14 |
|  thePS/myPS_i/processing_system7_0/inst/FCLK_CLK0 | thePS/myPS_i/axi_gpio_0/U0/AXI_LITE_IPIF_I/I_SLAVE_ATTACHMENT/start2                                                                                             | thePS/myPS_i/axi_gpio_0/U0/AXI_LITE_IPIF_I/I_SLAVE_ATTACHMENT/I_DECODER/cs_ce_clr                                                                         |                8 |             16 |
|  thePS/myPS_i/processing_system7_0/inst/FCLK_CLK0 |                                                                                                                                                                  | thePS/myPS_i/axi_gpio_3/U0/AXI_LITE_IPIF_I/I_SLAVE_ATTACHMENT/SR                                                                                          |                5 |             16 |
|  thePS/myPS_i/processing_system7_0/inst/FCLK_CLK0 |                                                                                                                                                                  | thePS/myPS_i/processing_system7_0_axi_periph/xbar/inst/gen_sasd.crossbar_sasd_0/addr_arbiter_inst/SR[0]                                                   |                7 |             16 |
|  thePS/myPS_i/processing_system7_0/inst/FCLK_CLK0 | thePS/myPS_i/processing_system7_0_axi_periph/s00_couplers/auto_pc/inst/gen_axilite.gen_b2s_conv.axilite_b2s/WR.aw_channel_0/aw_cmd_fsm_0/m_payload_i_reg[0]      |                                                                                                                                                           |                4 |             20 |
|  thePS/myPS_i/processing_system7_0/inst/FCLK_CLK0 |                                                                                                                                                                  | thePS/myPS_i/axi_gpio_4/U0/AXI_LITE_IPIF_I/I_SLAVE_ATTACHMENT/SR                                                                                          |                4 |             20 |
|  thePS/myPS_i/processing_system7_0/inst/FCLK_CLK0 |                                                                                                                                                                  | thePS/myPS_i/axi_gpio_1/U0/AXI_LITE_IPIF_I/I_SLAVE_ATTACHMENT/SR                                                                                          |                5 |             20 |
|  thePS/myPS_i/processing_system7_0/inst/FCLK_CLK0 |                                                                                                                                                                  | thePS/myPS_i/axi_gpio_2/U0/AXI_LITE_IPIF_I/I_SLAVE_ATTACHMENT/SR                                                                                          |                4 |             20 |
|  thePS/myPS_i/processing_system7_0/inst/FCLK_CLK0 |                                                                                                                                                                  | thePS/myPS_i/axi_gpio_5/U0/AXI_LITE_IPIF_I/I_SLAVE_ATTACHMENT/SR                                                                                          |                4 |             20 |
|  thePS/myPS_i/processing_system7_0/inst/FCLK_CLK0 | thePS/myPS_i/processing_system7_0_axi_periph/xbar/inst/gen_sasd.crossbar_sasd_0/addr_arbiter_inst/p_0_in1_in                                                     | thePS/myPS_i/processing_system7_0_axi_periph/xbar/inst/gen_sasd.crossbar_sasd_0/addr_arbiter_inst/SR[0]                                                   |                7 |             23 |
|  thePS/myPS_i/processing_system7_0/inst/FCLK_CLK0 |                                                                                                                                                                  | thePS/myPS_i/axi_gpio_0/U0/I_SLAVE_ATTACHMENT/rst                                                                                                         |                9 |             30 |
|  thePS/myPS_i/processing_system7_0/inst/FCLK_CLK0 | thePS/myPS_i/processing_system7_0_axi_periph/s00_couplers/auto_pc/inst/gen_axilite.gen_b2s_conv.axilite_b2s/RD.r_channel_0/rd_data_fifo_0/wr_en0                 |                                                                                                                                                           |                9 |             34 |
|  thePS/myPS_i/processing_system7_0/inst/FCLK_CLK0 | thePS/myPS_i/processing_system7_0_axi_periph/s00_couplers/auto_pc/inst/gen_axilite.gen_b2s_conv.axilite_b2s/SI_REG/r_pipe/p_1_in                                 |                                                                                                                                                           |                8 |             47 |
|  thePS/myPS_i/processing_system7_0/inst/FCLK_CLK0 | thePS/myPS_i/processing_system7_0_axi_periph/s00_couplers/auto_pc/inst/gen_axilite.gen_b2s_conv.axilite_b2s/SI_REG/r_pipe/skid_buffer_reg[0]_0                   |                                                                                                                                                           |               10 |             47 |
|  thePS/myPS_i/processing_system7_0/inst/FCLK_CLK0 | thePS/myPS_i/processing_system7_0_axi_periph/s00_couplers/auto_pc/inst/gen_axilite.gen_b2s_conv.axilite_b2s/WR.aw_channel_0/aw_cmd_fsm_0/m_payload_i_reg[0]_0[0] |                                                                                                                                                           |                8 |             48 |
|  thePS/myPS_i/processing_system7_0/inst/FCLK_CLK0 | thePS/myPS_i/processing_system7_0_axi_periph/s00_couplers/auto_pc/inst/gen_axilite.gen_b2s_conv.axilite_b2s/SI_REG/ar_pipe/skid_buffer_reg[0]_0                  |                                                                                                                                                           |               14 |             48 |
|  thePS/myPS_i/processing_system7_0/inst/FCLK_CLK0 | thePS/myPS_i/processing_system7_0_axi_periph/s00_couplers/auto_pc/inst/gen_axilite.gen_b2s_conv.axilite_b2s/SI_REG/aw_pipe/skid_buffer_reg[0]_0                  |                                                                                                                                                           |                9 |             48 |
|  thePS/myPS_i/processing_system7_0/inst/FCLK_CLK0 | thePS/myPS_i/processing_system7_0_axi_periph/s00_couplers/auto_pc/inst/gen_axilite.gen_b2s_conv.axilite_b2s/RD.ar_channel_0/ar_cmd_fsm_0/m_payload_i_reg[0][0]   |                                                                                                                                                           |               14 |             48 |
|  thePS/myPS_i/processing_system7_0/inst/FCLK_CLK0 |                                                                                                                                                                  | thePS/myPS_i/processing_system7_0_axi_periph/s00_couplers/auto_pc/inst/gen_axilite.gen_b2s_conv.axilite_b2s/areset_d1                                     |               17 |             69 |
|  thePS/myPS_i/processing_system7_0/inst/FCLK_CLK0 |                                                                                                                                                                  |                                                                                                                                                           |               79 |            257 |
+---------------------------------------------------+------------------------------------------------------------------------------------------------------------------------------------------------------------------+-----------------------------------------------------------------------------------------------------------------------------------------------------------+------------------+----------------+


