Copyright 1986-2015 Xilinx, Inc. All Rights Reserved.
-----------------------------------------------------------------------------------------------------
| Tool Version     : Vivado v.2015.2 (win64) Build 1266856 Fri Jun 26 16:35:25 MDT 2015
| Date             : Wed Nov 11 16:39:36 2015
| Host             : Joey running 64-bit major release  (build 9200)
| Command          : report_power -file top_power_routed.rpt -pb top_power_summary_routed.pb
| Design           : top
| Device           : xc7z020clg484-2
| Design State     : Routed
| Grade            : commercial
| Process          : typical
| Characterization : Production
-----------------------------------------------------------------------------------------------------

Power Report

Table of Contents
-----------------
1. Summary
1.1 On-Chip Components
1.2 Power Supply Summary
1.3 Confidence Level
2. Settings
2.1 Environment
2.2 Clock Constraints
3. Detailed Reports
3.1 By Hierarchy

1. Summary
----------

+--------------------------+-------+
| Total On-Chip Power (W)  | 1.690 |
| Dynamic (W)              | 1.541 |
| Device Static (W)        | 0.149 |
| Effective TJA (C/W)      | 11.5  |
| Max Ambient (C)          | 65.5  |
| Junction Temperature (C) | 44.5  |
| Confidence Level         | Low   |
| Setting File             | ---   |
| Simulation Activity File | ---   |
| Design Nets Matched      | NA    |
+--------------------------+-------+


1.1 On-Chip Components
----------------------

+-------------------------+-----------+----------+-----------+-----------------+
| On-Chip                 | Power (W) | Used     | Available | Utilization (%) |
+-------------------------+-----------+----------+-----------+-----------------+
| Clocks                  |     0.006 |        3 |       --- |             --- |
| Slice Logic             |     0.002 |     2670 |       --- |             --- |
|   LUT as Logic          |     0.002 |      890 |     53200 |            1.67 |
|   Register              |    <0.001 |     1182 |    106400 |            1.11 |
|   CARRY4                |    <0.001 |       22 |     13300 |            0.17 |
|   BUFG                  |    <0.001 |        1 |        32 |            3.13 |
|   LUT as Shift Register |    <0.001 |       64 |     17400 |            0.37 |
|   Others                |     0.000 |      254 |       --- |             --- |
| Signals                 |     0.003 |     1851 |       --- |             --- |
| I/O                     |    <0.001 |        5 |       200 |            2.50 |
| PS7                     |     1.529 |        1 |       --- |             --- |
| Static Power            |     0.149 |          |           |                 |
| Total                   |     1.690 |          |           |                 |
+-------------------------+-----------+----------+-----------+-----------------+


1.2 Power Supply Summary
------------------------

+-----------+-------------+-----------+-------------+------------+
| Source    | Voltage (V) | Total (A) | Dynamic (A) | Static (A) |
+-----------+-------------+-----------+-------------+------------+
| Vccint    |       1.000 |     0.026 |       0.011 |      0.015 |
| Vccaux    |       1.800 |     0.021 |       0.000 |      0.021 |
| Vcco33    |       3.300 |     0.001 |       0.000 |      0.001 |
| Vcco25    |       2.500 |     0.000 |       0.000 |      0.000 |
| Vcco18    |       1.800 |     0.000 |       0.000 |      0.000 |
| Vcco15    |       1.500 |     0.000 |       0.000 |      0.000 |
| Vcco135   |       1.350 |     0.000 |       0.000 |      0.000 |
| Vcco12    |       1.200 |     0.000 |       0.000 |      0.000 |
| Vccaux_io |       1.800 |     0.000 |       0.000 |      0.000 |
| Vccbram   |       1.000 |     0.001 |       0.000 |      0.001 |
| MGTAVcc   |       1.000 |     0.000 |       0.000 |      0.000 |
| MGTAVtt   |       1.200 |     0.000 |       0.000 |      0.000 |
| MGTVccaux |       1.800 |     0.000 |       0.000 |      0.000 |
| Vccpint   |       1.000 |     0.755 |       0.725 |      0.030 |
| Vccpaux   |       1.800 |     0.060 |       0.050 |      0.010 |
| Vccpll    |       1.800 |     0.019 |       0.016 |      0.003 |
| Vcco_ddr  |       1.500 |     0.459 |       0.457 |      0.002 |
| Vcco_mio0 |       1.800 |     0.000 |       0.000 |      0.000 |
| Vcco_mio1 |       1.800 |     0.000 |       0.000 |      0.000 |
| Vccadc    |       1.800 |     0.020 |       0.000 |      0.020 |
+-----------+-------------+-----------+-------------+------------+


1.3 Confidence Level
--------------------

+-----------------------------+------------+--------------------------------------------------------+--------------------------------------------------------------------------------------------------------------------+
| User Input Data             | Confidence | Details                                                | Action                                                                                                             |
+-----------------------------+------------+--------------------------------------------------------+--------------------------------------------------------------------------------------------------------------------+
| Design implementation state | High       | Design is routed                                       |                                                                                                                    |
| Clock nodes activity        | Medium     | More than 5% of clocks are missing user specification  | Provide missing clock activity with a constraint file, simulation results or by editing the "By Clock Domain" view |
| I/O nodes activity          | Low        | More than 75% of inputs are missing user specification | Provide missing input activity with simulation results or by editing the "By Resource Type -> I/Os" view           |
| Internal nodes activity     | Medium     | User specified less than 25% of internal nodes         | Provide missing internal nodes activity with simulation results or by editing the "By Resource Type" views         |
| Device models               | High       | Device models are Production                           |                                                                                                                    |
|                             |            |                                                        |                                                                                                                    |
| Overall confidence level    | Low        |                                                        |                                                                                                                    |
+-----------------------------+------------+--------------------------------------------------------+--------------------------------------------------------------------------------------------------------------------+


2. Settings
-----------

2.1 Environment
---------------

+-----------------------+------------------------+
| Ambient Temp (C)      | 25.0                   |
| ThetaJA (C/W)         | 11.5                   |
| Airflow (LFM)         | 250                    |
| Heat Sink             | none                   |
| ThetaSA (C/W)         | 0.0                    |
| Board Selection       | medium (10"x10")       |
| # of Board Layers     | 8to11 (8 to 11 Layers) |
| Board Temperature (C) | 25.0                   |
+-----------------------+------------------------+


2.2 Clock Constraints
---------------------

+------------+---------------------------------------------------------------+-----------------+
| Clock      | Domain                                                        | Constraint (ns) |
+------------+---------------------------------------------------------------+-----------------+
| clk_fpga_0 | thePS/myPS_i/processing_system7_0/inst/FCLK_CLK_unbuffered[0] |            10.0 |
+------------+---------------------------------------------------------------+-----------------+


3. Detailed Reports
-------------------

3.1 By Hierarchy
----------------

+----------------------------------------------------+-----------+
| Name                                               | Power (W) |
+----------------------------------------------------+-----------+
| top                                                |     1.541 |
|   theClkDivider                                    |    <0.001 |
|   thePS                                            |     1.539 |
|     myPS_i                                         |     1.539 |
|       axi_gpio_0                                   |    <0.001 |
|         U0                                         |    <0.001 |
|           AXI_LITE_IPIF_I                          |    <0.001 |
|             I_SLAVE_ATTACHMENT                     |    <0.001 |
|               I_DECODER                            |    <0.001 |
|           INTR_CTRLR_GEN.INTERRUPT_CONTROL_I       |    <0.001 |
|           gpio_core_1                              |    <0.001 |
|             Not_Dual.INPUT_DOUBLE_REGS3            |    <0.001 |
|       axi_gpio_1                                   |    <0.001 |
|         U0                                         |    <0.001 |
|           AXI_LITE_IPIF_I                          |    <0.001 |
|             I_SLAVE_ATTACHMENT                     |    <0.001 |
|               I_DECODER                            |    <0.001 |
|           gpio_core_1                              |    <0.001 |
|             Not_Dual.INPUT_DOUBLE_REGS3            |    <0.001 |
|       axi_gpio_2                                   |    <0.001 |
|         U0                                         |    <0.001 |
|           AXI_LITE_IPIF_I                          |    <0.001 |
|             I_SLAVE_ATTACHMENT                     |    <0.001 |
|               I_DECODER                            |    <0.001 |
|           gpio_core_1                              |    <0.001 |
|             Not_Dual.INPUT_DOUBLE_REGS3            |    <0.001 |
|       axi_gpio_3                                   |    <0.001 |
|         U0                                         |    <0.001 |
|           AXI_LITE_IPIF_I                          |    <0.001 |
|             I_SLAVE_ATTACHMENT                     |    <0.001 |
|               I_DECODER                            |    <0.001 |
|           gpio_core_1                              |    <0.001 |
|       axi_gpio_4                                   |    <0.001 |
|         U0                                         |    <0.001 |
|           AXI_LITE_IPIF_I                          |    <0.001 |
|             I_SLAVE_ATTACHMENT                     |    <0.001 |
|               I_DECODER                            |    <0.001 |
|           gpio_core_1                              |    <0.001 |
|       axi_gpio_5                                   |    <0.001 |
|         U0                                         |    <0.001 |
|           AXI_LITE_IPIF_I                          |    <0.001 |
|             I_SLAVE_ATTACHMENT                     |    <0.001 |
|               I_DECODER                            |    <0.001 |
|           gpio_core_1                              |    <0.001 |
|       processing_system7_0                         |     1.530 |
|         inst                                       |     1.530 |
|       processing_system7_0_axi_periph              |     0.007 |
|         s00_couplers                               |     0.006 |
|           auto_pc                                  |     0.006 |
|             inst                                   |     0.006 |
|               gen_axilite.gen_b2s_conv.axilite_b2s |     0.006 |
|                 RD.ar_channel_0                    |    <0.001 |
|                   ar_cmd_fsm_0                     |    <0.001 |
|                   cmd_translator_0                 |    <0.001 |
|                     incr_cmd_0                     |    <0.001 |
|                     wrap_cmd_0                     |    <0.001 |
|                 RD.r_channel_0                     |     0.002 |
|                   rd_data_fifo_0                   |     0.001 |
|                   transaction_fifo_0               |    <0.001 |
|                 SI_REG                             |     0.002 |
|                   ar_pipe                          |    <0.001 |
|                   aw_pipe                          |    <0.001 |
|                   b_pipe                           |    <0.001 |
|                   r_pipe                           |    <0.001 |
|                 WR.aw_channel_0                    |    <0.001 |
|                   aw_cmd_fsm_0                     |    <0.001 |
|                   cmd_translator_0                 |    <0.001 |
|                     incr_cmd_0                     |    <0.001 |
|                     wrap_cmd_0                     |    <0.001 |
|                 WR.b_channel_0                     |    <0.001 |
|                   bid_fifo_0                       |    <0.001 |
|                   bresp_fifo_0                     |    <0.001 |
|         xbar                                       |    <0.001 |
|           inst                                     |    <0.001 |
|             gen_sasd.crossbar_sasd_0               |    <0.001 |
|               addr_arbiter_inst                    |    <0.001 |
|               gen_decerr.decerr_slave_inst         |    <0.001 |
|               reg_slice_r                          |    <0.001 |
|               splitter_ar                          |    <0.001 |
|               splitter_aw                          |    <0.001 |
|       rst_processing_system7_0_100M                |    <0.001 |
|         U0                                         |    <0.001 |
|           EXT_LPF                                  |    <0.001 |
|             ACTIVE_LOW_EXT.ACT_LO_EXT              |    <0.001 |
|           SEQ                                      |    <0.001 |
|             SEQ_COUNTER                            |    <0.001 |
|   theRemote                                        |    <0.001 |
|   theSpeed                                         |    <0.001 |
|   theSteering                                      |    <0.001 |
+----------------------------------------------------+-----------+


